<?xml version="1.0" encoding="UTF-8"?>
<!-- Generated by org.testng.reporters.JUnitReportReporter -->
<testsuite hostname="Tests-MacBook-Pro.local" failures="0" tests="1" name="TestRunner.BDDTestRunner" time="21.124" errors="0" timestamp="2024-12-15T19:06:32 IST" skipped="0">
  <testcase classname="TestRunner.BDDTestRunner" name="runScenario" time="21.124"/>
</testsuite> <!-- TestRunner.BDDTestRunner -->
